2020-10-14 12:31:51,836 - instabot version: 0.117.0 (bot) - INFO - Instabot version: 0.117.0 Started
2020-10-14 12:31:51,836 - instabot version: 0.117.0 (bot) - DEBUG - Bot imported from C:\Users\justi\anaconda3\lib\site-packages\instabot\bot\bot.py
2020-10-14 12:31:51,850 - instabot version: 0.117.0 (api_login) - DEBUG - Loading cookies
2020-10-14 12:31:51,850 - instabot version: 0.117.0 (api_login) - DEBUG - Loading uuids
2020-10-14 12:31:51,850 - instabot version: 0.117.0 (api_login) - INFO - Recovery from C:\Users\justi\Desktop\Inspirational Bot/config/motivationalstoic_uuid_and_cookie.json: COOKIE True - UUIDs True - TIMING, DEVICE and ...
- user-agent=Instagram 117.0.0.28.123 Android (28/9.0; 420dpi; 1080x1920; OnePlus; ONEPLUS A3003; OnePlus3; qcom; en_US; 180322800)
- phone_id=919428c0-f1d8-4d63-a171-b4a768f51a2f
- uuid=acb193e9-7b68-4f64-9509-8e043282386a
- client_session_id=2eb1e43e-ae61-4712-adda-b458c04b3b49
- device_id=android-59481940b0007a16
2020-10-14 12:31:51,851 - instabot version: 0.117.0 (api_login) - INFO - LOGIN FLOW! Just logged-in: False
2020-10-14 12:31:53,269 - instabot version: 0.117.0 (api) - DEBUG - POST to endpoint: feed/timeline/ returned response: <Response [200]>
2020-10-14 12:31:53,684 - instabot version: 0.117.0 (api) - DEBUG - POST to endpoint: feed/reels_tray/ returned response: <Response [200]>
2020-10-14 12:31:54,312 - instabot version: 0.117.0 (api) - DEBUG - POST to endpoint: direct_v2/ranked_recipients/ returned response: <Response [200]>
2020-10-14 12:31:54,471 - instabot version: 0.117.0 (api) - DEBUG - POST to endpoint: direct_v2/ranked_recipients/ returned response: <Response [200]>
2020-10-14 12:31:55,124 - instabot version: 0.117.0 (api) - DEBUG - POST to endpoint: direct_v2/inbox/ returned response: <Response [200]>
2020-10-14 12:31:55,745 - instabot version: 0.117.0 (api) - DEBUG - GET to endpoint: direct_v2/get_presence/ returned response: <Response [200]>
2020-10-14 12:31:57,163 - instabot version: 0.117.0 (api) - DEBUG - GET to endpoint: news/inbox/?limited_activity=true&show_su=true returned response: <Response [200]>
2020-10-14 12:31:57,317 - instabot version: 0.117.0 (api) - DEBUG - GET to endpoint: users/profile_notice/ returned response: <Response [200]>
2020-10-14 12:31:59,130 - instabot version: 0.117.0 (api) - DEBUG - POST to endpoint: discover/explore/ returned response: <Response [200]>
2020-10-14 12:31:59,132 - instabot version: 0.117.0 (api) - INFO - Logged-in successfully as 'motivationalstoic'!
2020-10-14 12:31:59,132 - instabot version: 0.117.0 (bot_checkpoint) - DEBUG - Loading Checkpoint file from: C:\Users\justi\Desktop\Inspirational Bot/config/motivationalstoic.checkpoint
2020-10-14 12:32:20,773 - instabot version: 0.117.0 (api) - DEBUG - POST to endpoint: media/configure/? returned response: <Response [200]>
2020-10-14 12:32:20,958 - instabot version: 0.117.0 (api) - DEBUG - POST to endpoint: qe/expose/ returned response: <Response [200]>
2020-10-14 12:32:20,971 - instabot version: 0.117.0 (bot_checkpoint) - DEBUG - Saving Checkpoint file to: C:\Users\justi\Desktop\Inspirational Bot/config/motivationalstoic.checkpoint
2020-10-14 12:32:20,971 - instabot version: 0.117.0 (bot) - INFO - Total requests: 43
